#
# There is insufficient memory for the Java Runtime Environment to continue.
# Native memory allocation (malloc) failed to allocate 32744 bytes for ChunkPool::allocate
# Possible reasons:
#   The system is out of physical RAM or swap space
#   In 32 bit mode, the process size limit was hit
# Possible solutions:
#   Reduce memory load on the system
#   Increase physical memory or swap space
#   Check if swap backing store is full
#   Use 64 bit Java on a 64 bit OS
#   Decrease Java heap size (-Xmx/-Xms)
#   Decrease number of Java threads
#   Decrease Java thread stack sizes (-Xss)
#   Set larger code cache with -XX:ReservedCodeCacheSize=
# This output file may be truncated or incomplete.
#
#  Out of Memory Error (allocation.cpp:273), pid=11436, tid=0x00000000000027dc
#
# JRE version: OpenJDK Runtime Environment (8.0_76-b03) (build 1.8.0_76-release-b03)
# Java VM: OpenJDK 64-Bit Server VM (25.76-b03 mixed mode windows-amd64 compressed oops)
# Failed to write core dump. Minidumps are not enabled by default on client versions of Windows
#

---------------  T H R E A D  ---------------

Current thread (0x00000000169b8000):  JavaThread "C1 CompilerThread2" daemon [_thread_in_native, id=10204, stack(0x0000000018200000,0x0000000018300000)]

Stack: [0x0000000018200000,0x0000000018300000]
[error occurred during error reporting (printing stack bounds), id 0xc0000005]

Native frames: (J=compiled Java code, j=interpreted, Vv=VM code, C=native code)


Current CompileTask:
C1: 276395 14180 % !   3       com.android.dx.cf.code.RopperMachine::run @ 160 (1550 bytes)


---------------  P R O C E S S  ---------------

Java Threads: ( => current thread )
  0x0000000019e91800 JavaThread "pool-50-thread-4" [_thread_new, id=11636, stack(0x0000000000000000,0x0000000000000000)]
  0x0000000019e90000 JavaThread "pool-50-thread-3" [_thread_new, id=8212, stack(0x0000000000000000,0x0000000000000000)]
  0x0000000019e8f000 JavaThread "pool-50-thread-2" [_thread_new, id=7376, stack(0x0000000000000000,0x0000000000000000)]
  0x0000000019e93000 JavaThread "pool-51-thread-1" [_thread_new, id=11120, stack(0x0000000000000000,0x0000000000000000)]
  0x0000000019e8e800 JavaThread "pool-50-thread-1" [_thread_new, id=10812, stack(0x0000000000000000,0x0000000000000000)]
  0x0000000019e87000 JavaThread "pool-48-thread-4" [_thread_new, id=4076, stack(0x0000000000000000,0x0000000000000000)]
  0x0000000019e8d800 JavaThread "pool-48-thread-3" [_thread_new, id=1004, stack(0x0000000000000000,0x0000000000000000)]
  0x0000000019e8b800 JavaThread "pool-48-thread-2" [_thread_new, id=11100, stack(0x0000000000000000,0x0000000000000000)]
  0x0000000019e89000 JavaThread "pool-49-thread-1" [_thread_new, id=9428, stack(0x0000000000000000,0x0000000000000000)]
  0x0000000019e88800 JavaThread "pool-48-thread-1" [_thread_new, id=10048, stack(0x0000000000000000,0x0000000000000000)]
  0x0000000019e94000 JavaThread "pool-44-thread-4" [_thread_in_Java, id=4600, stack(0x000000002bac0000,0x000000002bbc0000)]
  0x0000000019e94800 JavaThread "pool-44-thread-3" [_thread_in_Java, id=4240, stack(0x000000002b9c0000,0x000000002bac0000)]
  0x0000000019e92000 JavaThread "pool-44-thread-2" [_thread_in_Java, id=6632, stack(0x000000002b8c0000,0x000000002b9c0000)]
  0x0000000019e95800 JavaThread "pool-45-thread-1" [_thread_blocked, id=6184, stack(0x000000002b7c0000,0x000000002b8c0000)]
  0x0000000019e90800 JavaThread "pool-44-thread-1" [_thread_in_Java, id=12052, stack(0x000000002b6c0000,0x000000002b7c0000)]
  0x0000000019e86000 JavaThread "pool-38-thread-4" [_thread_in_Java, id=5764, stack(0x000000002abc0000,0x000000002acc0000)]
  0x0000000019e8d000 JavaThread "pool-38-thread-3" [_thread_blocked, id=4768, stack(0x000000002aac0000,0x000000002abc0000)]
  0x0000000019e87800 JavaThread "pool-38-thread-2" [_thread_blocked, id=11716, stack(0x000000002a9c0000,0x000000002aac0000)]
  0x0000000019e8a800 JavaThread "pool-39-thread-1" [_thread_blocked, id=1900, stack(0x000000002a8c0000,0x000000002a9c0000)]
  0x0000000019e8c000 JavaThread "pool-38-thread-1" [_thread_blocked, id=3604, stack(0x000000002a7c0000,0x000000002a8c0000)]
  0x000000001c4d0000 JavaThread "pool-4-thread-4" [_thread_in_Java, id=748, stack(0x0000000026cc0000,0x0000000026dc0000)]
  0x00000000203ff800 JavaThread "pool-4-thread-3" [_thread_blocked, id=7544, stack(0x00000000269c0000,0x0000000026ac0000)]
  0x0000000020406800 JavaThread "pool-13-thread-4" [_thread_blocked, id=924, stack(0x00000000268c0000,0x00000000269c0000)]
  0x0000000020405800 JavaThread "pool-13-thread-3" [_thread_blocked, id=5752, stack(0x00000000267c0000,0x00000000268c0000)]
  0x0000000020402800 JavaThread "pool-13-thread-2" [_thread_blocked, id=11924, stack(0x00000000266c0000,0x00000000267c0000)]
  0x0000000020405000 JavaThread "pool-13-thread-1" [_thread_blocked, id=1648, stack(0x00000000265c0000,0x00000000266c0000)]
  0x000000001c4ce800 JavaThread "Stdin handler" [_thread_blocked, id=888, stack(0x0000000025ec0000,0x0000000025fc0000)]
  0x000000001c4cd800 JavaThread "Asynchronous log dispatcher for org.gradle.launcher.daemon.server.DefaultDaemonConnection@46bb0c2a" [_thread_blocked, id=11976, stack(0x0000000025dc0000,0x0000000025ec0000)]
  0x000000001c4d4800 JavaThread "Daemon worker Thread 3" [_thread_blocked, id=9328, stack(0x0000000025cc0000,0x0000000025dc0000)]
  0x000000001c4d1800 JavaThread "Cancel handler" [_thread_blocked, id=5872, stack(0x0000000025bc0000,0x0000000025cc0000)]
  0x000000001c4d0800 JavaThread "Handler for socket connection from /127.0.0.1:51500 to /127.0.0.1:52430" [_thread_in_native, id=5492, stack(0x0000000025ac0000,0x0000000025bc0000)]
  0x000000001c4d3000 JavaThread "Daemon Thread 3" [_thread_blocked, id=11548, stack(0x00000000259c0000,0x0000000025ac0000)]
  0x000000001c4d2000 JavaThread "pool-4-thread-2" [_thread_blocked, id=2616, stack(0x00000000252c0000,0x00000000253c0000)]
  0x0000000020403800 JavaThread "pool-4-thread-1" [_thread_in_Java, id=788, stack(0x0000000023fc0000,0x00000000240c0000)]
  0x0000000020402000 JavaThread "File lock request listener" [_thread_in_native, id=8380, stack(0x00000000217d0000,0x00000000218d0000)]
  0x000000001942d000 JavaThread "pool-1-thread-1" [_thread_blocked, id=7212, stack(0x000000001ab10000,0x000000001ac10000)]
  0x00000000192d4000 JavaThread "Incoming local TCP Connector on port 51500" [_thread_in_native, id=9084, stack(0x000000001a410000,0x000000001a510000)]
  0x0000000016a0e800 JavaThread "Service Thread" daemon [_thread_blocked, id=10544, stack(0x0000000018700000,0x0000000018800000)]
=>0x00000000169b8000 JavaThread "C1 CompilerThread2" daemon [_thread_in_native, id=10204, stack(0x0000000018200000,0x0000000018300000)]
  0x00000000169af000 JavaThread "C2 CompilerThread1" daemon [_thread_in_native, id=9532, stack(0x0000000018100000,0x0000000018200000)]
  0x00000000169ad000 JavaThread "C2 CompilerThread0" daemon [_thread_in_native, id=6224, stack(0x0000000018000000,0x0000000018100000)]
  0x00000000169ab800 JavaThread "Attach Listener" daemon [_thread_blocked, id=10704, stack(0x0000000017f00000,0x0000000018000000)]
  0x00000000169aa000 JavaThread "Signal Dispatcher" daemon [_thread_blocked, id=10848, stack(0x0000000017e00000,0x0000000017f00000)]
  0x000000000303b000 JavaThread "Finalizer" daemon [_thread_blocked, id=9212, stack(0x0000000017c10000,0x0000000017d10000)]
  0x0000000003030000 JavaThread "Reference Handler" daemon [_thread_blocked, id=11520, stack(0x0000000017b10000,0x0000000017c10000)]
  0x0000000002f3d800 JavaThread "main" [_thread_blocked, id=6140, stack(0x0000000002d90000,0x0000000002e90000)]

Other Threads:
  0x0000000016973800 VMThread [stack: 0x0000000017a10000,0x0000000017b10000] [id=1988]
  0x0000000018321800 WatcherThread [stack: 0x0000000018800000,0x0000000018900000] [id=7420]

VM state:not at safepoint (normal execution)

VM Mutex/Monitor currently owned by a thread: None

Heap:
 PSYoungGen      total 288256K, used 159728K [0x00000000e0000000, 0x00000000f6e00000, 0x0000000100000000)
  eden space 246784K, 52% used [0x00000000e0000000,0x00000000e7e66738,0x00000000ef100000)
  from space 41472K, 73% used [0x00000000ef100000,0x00000000f0e95a70,0x00000000f1980000)
  to   space 54784K, 0% used [0x00000000f3880000,0x00000000f3880000,0x00000000f6e00000)
 ParOldGen       total 143360K, used 103558K [0x00000000a0000000, 0x00000000a8c00000, 0x00000000e0000000)
  object space 143360K, 72% used [0x00000000a0000000,0x00000000a6521bf0,0x00000000a8c00000)
 Metaspace       used 64335K, capacity 66110K, committed 66328K, reserved 1107968K
  class space    used 8071K, capacity 8454K, committed 8496K, reserved 1048576K

Card table byte_map: [0x0000000012400000,0x0000000012710000] byte_map_base: 0x0000000011f00000

Marking Bits: (ParMarkBitMap*) 0x00000000760b9d00
 Begin Bits: [0x0000000012d10000, 0x0000000014510000)
 End Bits:   [0x0000000014510000, 0x0000000015d10000)

Polling page: 0x0000000001530000

CodeCache: size=245760Kb used=39925Kb max_used=40013Kb free=205834Kb
 bounds [0x0000000003040000, 0x00000000057d0000, 0x0000000012040000]
 total_blobs=12103 nmethods=11361 adapters=653
 compilation: enabled

Compilation events (10 events):
Event: 276.153 Thread 0x00000000169b8000 nmethod 14176 0x000000000555a950 code [0x000000000555aaa0, 0x000000000555abb0]
Event: 276.153 Thread 0x00000000169b8000 14177       1       java.lang.Thread::getPriority (5 bytes)
Event: 276.153 Thread 0x00000000169b8000 nmethod 14177 0x00000000055708d0 code [0x0000000005570a20, 0x0000000005570b30]
Event: 276.162 Thread 0x00000000169b8000 14178       3       com.android.dx.ssa.back.RegisterAllocator::insertMoveBefore (240 bytes)
Event: 276.166 Thread 0x00000000169b8000 nmethod 14178 0x0000000003bd4ed0 code [0x0000000003bd5340, 0x0000000003bd8328]
Event: 276.242 Thread 0x00000000169af000 nmethod 14122 0x0000000003bb57d0 code [0x0000000003bb5b80, 0x0000000003bb88e8]
Event: 276.243 Thread 0x00000000169af000 14134       4       com.android.dx.ssa.SsaConverter::edgeSplitMoveExceptionsAndResults (157 bytes)
Event: 276.263 Thread 0x00000000169b8000 14179       2       com.android.dx.rop.code.Rops::opDiv (29 bytes)
Event: 276.263 Thread 0x00000000169b8000 nmethod 14179 0x00000000053d45d0 code [0x00000000053d4740, 0x00000000053d48e8]
Event: 276.296 Thread 0x00000000169b8000 14180 % !   3       com.android.dx.cf.code.RopperMachine::run @ 160 (1550 bytes)

GC Heap History (10 events):
Event: 269.099 GC heap before
{Heap before GC invocations=30 (full 5):
 PSYoungGen      total 275968K, used 264616K [0x00000000e0000000, 0x00000000f5a00000, 0x0000000100000000)
  eden space 246784K, 100% used [0x00000000e0000000,0x00000000ef100000,0x00000000ef100000)
  from space 29184K, 61% used [0x00000000f1980000,0x00000000f2aea370,0x00000000f3600000)
  to   space 41472K, 0% used [0x00000000ef100000,0x00000000ef100000,0x00000000f1980000)
 ParOldGen       total 143360K, used 84851K [0x00000000a0000000, 0x00000000a8c00000, 0x00000000e0000000)
  object space 143360K, 59% used [0x00000000a0000000,0x00000000a52dcd20,0x00000000a8c00000)
 Metaspace       used 64267K, capacity 66046K, committed 66328K, reserved 1107968K
  class space    used 8071K, capacity 8454K, committed 8496K, reserved 1048576K
Event: 269.241 GC heap after
Heap after GC invocations=30 (full 5):
 PSYoungGen      total 288256K, used 28398K [0x00000000e0000000, 0x00000000f5a00000, 0x0000000100000000)
  eden space 246784K, 0% used [0x00000000e0000000,0x00000000e0000000,0x00000000ef100000)
  from space 41472K, 68% used [0x00000000ef100000,0x00000000f0cbba88,0x00000000f1980000)
  to   space 29184K, 0% used [0x00000000f1980000,0x00000000f1980000,0x00000000f3600000)
 ParOldGen       total 143360K, used 100472K [0x00000000a0000000, 0x00000000a8c00000, 0x00000000e0000000)
  object space 143360K, 70% used [0x00000000a0000000,0x00000000a621e168,0x00000000a8c00000)
 Metaspace       used 64267K, capacity 66046K, committed 66328K, reserved 1107968K
  class space    used 8071K, capacity 8454K, committed 8496K, reserved 1048576K
}
Event: 270.636 GC heap before
{Heap before GC invocations=31 (full 5):
 PSYoungGen      total 288256K, used 275182K [0x00000000e0000000, 0x00000000f5a00000, 0x0000000100000000)
  eden space 246784K, 100% used [0x00000000e0000000,0x00000000ef100000,0x00000000ef100000)
  from space 41472K, 68% used [0x00000000ef100000,0x00000000f0cbba88,0x00000000f1980000)
  to   space 29184K, 0% used [0x00000000f1980000,0x00000000f1980000,0x00000000f3600000)
 ParOldGen       total 143360K, used 100472K [0x00000000a0000000, 0x00000000a8c00000, 0x00000000e0000000)
  object space 143360K, 70% used [0x00000000a0000000,0x00000000a621e168,0x00000000a8c00000)
 Metaspace       used 64287K, capacity 66110K, committed 66328K, reserved 1107968K
  class space    used 8071K, capacity 8454K, committed 8496K, reserved 1048576K
Event: 270.760 GC heap after
Heap after GC invocations=31 (full 5):
 PSYoungGen      total 275968K, used 29180K [0x00000000e0000000, 0x00000000f5a00000, 0x0000000100000000)
  eden space 246784K, 0% used [0x00000000e0000000,0x00000000e0000000,0x00000000ef100000)
  from space 29184K, 99% used [0x00000000f1980000,0x00000000f35ff000,0x00000000f3600000)
  to   space 41472K, 0% used [0x00000000ef100000,0x00000000ef100000,0x00000000f1980000)
 ParOldGen       total 143360K, used 123640K [0x00000000a0000000, 0x00000000a8c00000, 0x00000000e0000000)
  object space 143360K, 86% used [0x00000000a0000000,0x00000000a78be328,0x00000000a8c00000)
 Metaspace       used 64287K, capacity 66110K, committed 66328K, reserved 1107968K
  class space    used 8071K, capacity 8454K, committed 8496K, reserved 1048576K
}
Event: 270.760 GC heap before
{Heap before GC invocations=32 (full 6):
 PSYoungGen      total 275968K, used 29180K [0x00000000e0000000, 0x00000000f5a00000, 0x0000000100000000)
  eden space 246784K, 0% used [0x00000000e0000000,0x00000000e0000000,0x00000000ef100000)
  from space 29184K, 99% used [0x00000000f1980000,0x00000000f35ff000,0x00000000f3600000)
  to   space 41472K, 0% used [0x00000000ef100000,0x00000000ef100000,0x00000000f1980000)
 ParOldGen       total 143360K, used 123640K [0x00000000a0000000, 0x00000000a8c00000, 0x00000000e0000000)
  object space 143360K, 86% used [0x00000000a0000000,0x00000000a78be328,0x00000000a8c00000)
 Metaspace       used 64287K, capacity 66110K, committed 66328K, reserved 1107968K
  class space    used 8071K, capacity 8454K, committed 8496K, reserved 1048576K
Event: 271.751 GC heap after
Heap after GC invocations=32 (full 6):
 PSYoungGen      total 275968K, used 0K [0x00000000e0000000, 0x00000000f5a00000, 0x0000000100000000)
  eden space 246784K, 0% used [0x00000000e0000000,0x00000000e0000000,0x00000000ef100000)
  from space 29184K, 0% used [0x00000000f1980000,0x00000000f1980000,0x00000000f3600000)
  to   space 41472K, 0% used [0x00000000ef100000,0x00000000ef100000,0x00000000f1980000)
 ParOldGen       total 143360K, used 109434K [0x00000000a0000000, 0x00000000a8c00000, 0x00000000e0000000)
  object space 143360K, 76% used [0x00000000a0000000,0x00000000a6ade838,0x00000000a8c00000)
 Metaspace       used 64287K, capacity 66110K, committed 66328K, reserved 1107968K
  class space    used 8071K, capacity 8454K, committed 8496K, reserved 1048576K
}
Event: 273.229 GC heap before
{Heap before GC invocations=33 (full 7):
 PSYoungGen      total 275968K, used 246784K [0x00000000e0000000, 0x00000000f5a00000, 0x0000000100000000)
  eden space 246784K, 100% used [0x00000000e0000000,0x00000000ef100000,0x00000000ef100000)
  from space 29184K, 0% used [0x00000000f1980000,0x00000000f1980000,0x00000000f3600000)
  to   space 41472K, 0% used [0x00000000ef100000,0x00000000ef100000,0x00000000f1980000)
 ParOldGen       total 143360K, used 119377K [0x00000000a0000000, 0x00000000a8c00000, 0x00000000e0000000)
  object space 143360K, 83% used [0x00000000a0000000,0x00000000a74945f0,0x00000000a8c00000)
 Metaspace       used 64307K, capacity 66110K, committed 66328K, reserved 1107968K
  class space    used 8071K, capacity 8454K, committed 8496K, reserved 1048576K
Event: 274.032 GC heap after
Heap after GC invocations=33 (full 7):
 PSYoungGen      total 275968K, used 0K [0x00000000e0000000, 0x00000000f5a00000, 0x0000000100000000)
  eden space 246784K, 0% used [0x00000000e0000000,0x00000000e0000000,0x00000000ef100000)
  from space 29184K, 0% used [0x00000000f1980000,0x00000000f1980000,0x00000000f3600000)
  to   space 41472K, 0% used [0x00000000ef100000,0x00000000ef100000,0x00000000f1980000)
 ParOldGen       total 143360K, used 103549K [0x00000000a0000000, 0x00000000a8c00000, 0x00000000e0000000)
  object space 143360K, 72% used [0x00000000a0000000,0x00000000a651f7a8,0x00000000a8c00000)
 Metaspace       used 64307K, capacity 66110K, committed 66328K, reserved 1107968K
  class space    used 8071K, capacity 8454K, committed 8496K, reserved 1048576K
}
Event: 275.527 GC heap before
{Heap before GC invocations=34 (full 7):
 PSYoungGen      total 275968K, used 246784K [0x00000000e0000000, 0x00000000f5a00000, 0x0000000100000000)
  eden space 246784K, 100% used [0x00000000e0000000,0x00000000ef100000,0x00000000ef100000)
  from space 29184K, 0% used [0x00000000f1980000,0x00000000f1980000,0x00000000f3600000)
  to   space 41472K, 0% used [0x00000000ef100000,0x00000000ef100000,0x00000000f1980000)
 ParOldGen       total 143360K, used 103550K [0x00000000a0000000, 0x00000000a8c00000, 0x00000000e0000000)
  object space 143360K, 72% used [0x00000000a0000000,0x00000000a651fbf0,0x00000000a8c00000)
 Metaspace       used 64326K, capacity 66110K, committed 66328K, reserved 1107968K
  class space    used 8071K, capacity 8454K, committed 8496K, reserved 1048576K
Event: 275.619 GC heap after
Heap after GC invocations=34 (full 7):
 PSYoungGen      total 288256K, used 30294K [0x00000000e0000000, 0x00000000f6e00000, 0x0000000100000000)
  eden space 246784K, 0% used [0x00000000e0000000,0x00000000e0000000,0x00000000ef100000)
  from space 41472K, 73% used [0x00000000ef100000,0x00000000f0e95a70,0x00000000f1980000)
  to   space 54784K, 0% used [0x00000000f3880000,0x00000000f3880000,0x00000000f6e00000)
 ParOldGen       total 143360K, used 103558K [0x00000000a0000000, 0x00000000a8c00000, 0x00000000e0000000)
  object space 143360K, 72% used [0x00000000a0000000,0x00000000a6521bf0,0x00000000a8c00000)
 Metaspace       used 64326K, capacity 66110K, committed 66328K, reserved 1107968K
  class space    used 8071K, capacity 8454K, committed 8496K, reserved 1048576K
}

Deoptimization events (10 events):
Event: 272.982 Thread 0x0000000019e8e800 Uncommon trap: reason=unstable_if action=reinterpret pc=0x00000000049b8c24 method=com.android.dx.dex.code.OutputFinisher.hasLocalInfo(Lcom/android/dx/dex/code/DalvInsn;)Z @ 24
Event: 273.010 Thread 0x000000001c4d2000 Uncommon trap: reason=array_check action=maybe_recompile pc=0x00000000053f7870 method=java.util.ComparableTimSort.binarySort([Ljava/lang/Object;III)V @ 183
Event: 274.679 Thread 0x000000001c4d0000 Uncommon trap: reason=unstable_if action=reinterpret pc=0x0000000003e5af24 method=com.android.dx.rop.code.RegisterSpec.matchesVariable(Lcom/android/dx/rop/code/RegisterSpec;)Z @ 59
Event: 274.906 Thread 0x00000000203ff800 Uncommon trap: reason=unstable_if action=reinterpret pc=0x0000000003e5bea8 method=com.android.dx.dex.code.LocalList$MakeState.snapshot(ILcom/android/dx/rop/code/RegisterSpecSet;)V @ 86
Event: 274.922 Thread 0x000000001c4d0000 Uncommon trap: reason=unstable_if action=reinterpret pc=0x0000000004928814 method=com.android.dx.dex.code.OutputFinisher.findOpcodeForInsn(Lcom/android/dx/dex/code/DalvInsn;Lcom/android/dx/dex/code/Dop;)Lcom/android/dx/dex/code/Dop; @ 22
Event: 274.923 Thread 0x000000001c4d0000 Uncommon trap: reason=unstable_if action=reinterpret pc=0x000000000498d0ec method=com.android.dx.dex.code.OutputFinisher.findOpcodeForInsn(Lcom/android/dx/dex/code/DalvInsn;Lcom/android/dx/dex/code/Dop;)Lcom/android/dx/dex/code/Dop; @ 22
Event: 275.417 Thread 0x0000000020403800 Uncommon trap: reason=bimorphic action=maybe_recompile pc=0x00000000053c9884 method=com.android.dx.ssa.LiteralOpUpgrader.tryReplacingWithConstant(Lcom/android/dx/ssa/NormalSsaInsn;)Z @ 62
Event: 275.417 Thread 0x0000000020403800 Uncommon trap: reason=bimorphic action=maybe_recompile pc=0x00000000053c9884 method=com.android.dx.ssa.LiteralOpUpgrader.tryReplacingWithConstant(Lcom/android/dx/ssa/NormalSsaInsn;)Z @ 62
Event: 275.436 Thread 0x00000000203ff800 Uncommon trap: reason=class_check action=maybe_recompile pc=0x00000000053cf9ec method=com.android.dx.ssa.SCCP.simulateBranch(Lcom/android/dx/ssa/SsaInsn;)V @ 339
Event: 275.481 Thread 0x00000000203ff800 Uncommon trap: reason=class_check action=maybe_recompile pc=0x00000000053cf9ec method=com.android.dx.ssa.SCCP.simulateBranch(Lcom/android/dx/ssa/SsaInsn;)V @ 339

Internal exceptions (10 events):
Event: 238.524 Thread 0x000000001c4d4800 Exception <a 'sun/nio/fs/WindowsException'> (0x00000000eacdea28) thrown at [C:\src\android\AOSP-openjdk\external\jetbrains\jdk\hotspot\src\share\vm\prims\jni.cpp, line 709]
Event: 238.524 Thread 0x000000001c4d4800 Exception <a 'sun/nio/fs/WindowsException'> (0x00000000eacdf6b0) thrown at [C:\src\android\AOSP-openjdk\external\jetbrains\jdk\hotspot\src\share\vm\prims\jni.cpp, line 709]
Event: 240.769 Thread 0x000000001c4d4800 Exception <a 'java/lang/ClassNotFoundException': com/android/build/gradle/internal/TaskManager$2BeanInfo> (0x00000000e1fdf1f8) thrown at [C:\src\android\AOSP-openjdk\external\jetbrains\jdk\hotspot\src\share\vm\classfile\systemDictionary.cpp, line 210]
Event: 240.769 Thread 0x000000001c4d4800 Exception <a 'java/lang/ClassNotFoundException': com/android/build/gradle/internal/TaskManager$2Customizer> (0x00000000e1ff0040) thrown at [C:\src\android\AOSP-openjdk\external\jetbrains\jdk\hotspot\src\share\vm\classfile\systemDictionary.cpp, line 210]
Event: 262.485 Thread 0x0000000020403800 Implicit null exception at 0x0000000003288d22 to 0x0000000003288e1a
Event: 263.625 Thread 0x0000000019e88800 Implicit null exception at 0x0000000004996c91 to 0x00000000049978e5
Event: 264.983 Thread 0x0000000019e91800 Implicit null exception at 0x00000000055f56c0 to 0x00000000055f9ddd
Event: 265.128 Thread 0x0000000019e90800 Implicit null exception at 0x0000000005572162 to 0x0000000005573eb9
Event: 265.129 Thread 0x0000000019e90800 Implicit null exception at 0x000000000541c57f to 0x000000000541dec1
Event: 265.129 Thread 0x0000000019e90800 Implicit null exception at 0x000000000542196a to 0x0000000005421b29

Events (10 events):
Event: 276.152 Thread 0x0000000019e88800 Thread added: 0x0000000019e88800
Event: 276.152 Thread 0x0000000019e89000 Thread added: 0x0000000019e89000
Event: 276.152 Thread 0x0000000019e8b800 Thread added: 0x0000000019e8b800
Event: 276.153 Thread 0x0000000019e8d800 Thread added: 0x0000000019e8d800
Event: 276.154 Thread 0x0000000019e87000 Thread added: 0x0000000019e87000
Event: 276.215 Thread 0x0000000019e8e800 Thread added: 0x0000000019e8e800
Event: 276.215 Thread 0x0000000019e93000 Thread added: 0x0000000019e93000
Event: 276.217 Thread 0x0000000019e8f000 Thread added: 0x0000000019e8f000
Event: 276.219 Thread 0x0000000019e90000 Thread added: 0x0000000019e90000
Event: 276.221 Thread 0x0000000019e91800 Thread added: 0x0000000019e91800


Dynamic libraries:
0x00007ff66b490000 - 0x00007ff66b4c1000 	C:\Program Files\Android\Android Studio\jre\bin\java.exe
0x00007ff926590000 - 0x00007ff926761000 	C:\WINDOWS\SYSTEM32\ntdll.dll
0x00007ff923be0000 - 0x00007ff923c8b000 	C:\WINDOWS\System32\KERNEL32.DLL
0x00007ff8fb970000 - 0x00007ff8fb9a3000 	C:\Program Files\AVAST Software\Avast\x64\aswhooka.dll
0x00007ff923570000 - 0x00007ff92378d000 	C:\WINDOWS\System32\KERNELBASE.dll
0x00007ff923b30000 - 0x00007ff923bd2000 	C:\WINDOWS\System32\ADVAPI32.dll
0x00007ff924650000 - 0x00007ff9246ee000 	C:\WINDOWS\System32\msvcrt.dll
0x00007ff9248e0000 - 0x00007ff924939000 	C:\WINDOWS\System32\sechost.dll
0x00007ff924d00000 - 0x00007ff924e21000 	C:\WINDOWS\System32\RPCRT4.dll
0x00007ff924e30000 - 0x00007ff924f95000 	C:\WINDOWS\System32\USER32.dll
0x00007ff923790000 - 0x00007ff9237ae000 	C:\WINDOWS\System32\win32u.dll
0x00007ff924550000 - 0x00007ff924584000 	C:\WINDOWS\System32\GDI32.dll
0x00007ff922b90000 - 0x00007ff922d12000 	C:\WINDOWS\System32\gdi32full.dll
0x00007ff9190d0000 - 0x00007ff919349000 	C:\WINDOWS\WinSxS\amd64_microsoft.windows.common-controls_6595b64144ccf1df_6.0.14393.447_none_42191651c6827bb3\COMCTL32.dll
0x00007ff923e30000 - 0x00007ff9240f8000 	C:\WINDOWS\System32\combase.dll
0x00007ff923400000 - 0x00007ff9234f5000 	C:\WINDOWS\System32\ucrtbase.dll
0x00007ff923500000 - 0x00007ff92356a000 	C:\WINDOWS\System32\bcryptPrimitives.dll
0x00007ff9246f0000 - 0x00007ff92471e000 	C:\WINDOWS\System32\IMM32.DLL
0x0000000075820000 - 0x00000000758f2000 	C:\Program Files\Android\Android Studio\jre\jre\bin\msvcr100.dll
0x0000000075900000 - 0x0000000076134000 	C:\Program Files\Android\Android Studio\jre\jre\bin\server\jvm.dll
0x00007ff925010000 - 0x00007ff925018000 	C:\WINDOWS\System32\PSAPI.DLL
0x00007ff9134d0000 - 0x00007ff9134d9000 	C:\WINDOWS\SYSTEM32\WSOCK32.dll
0x00007ff924fa0000 - 0x00007ff92500a000 	C:\WINDOWS\System32\WS2_32.dll
0x00007ff920f00000 - 0x00007ff920f23000 	C:\WINDOWS\SYSTEM32\WINMM.dll
0x00007ff914f30000 - 0x00007ff914f3a000 	C:\WINDOWS\SYSTEM32\VERSION.dll
0x00007ff920ed0000 - 0x00007ff920efb000 	C:\WINDOWS\SYSTEM32\WINMMBASE.dll
0x00007ff923ad0000 - 0x00007ff923b12000 	C:\WINDOWS\System32\cfgmgr32.dll
0x00007ff9157e0000 - 0x00007ff9157ef000 	C:\Program Files\Android\Android Studio\jre\jre\bin\verify.dll
0x00007ff90d0f0000 - 0x00007ff90d119000 	C:\Program Files\Android\Android Studio\jre\jre\bin\java.dll
0x00007ff914450000 - 0x00007ff914466000 	C:\Program Files\Android\Android Studio\jre\jre\bin\zip.dll
0x00007ff925080000 - 0x00007ff926589000 	C:\WINDOWS\System32\SHELL32.dll
0x00007ff922d20000 - 0x00007ff9233fa000 	C:\WINDOWS\System32\windows.storage.dll
0x00007ff922a30000 - 0x00007ff922a7c000 	C:\WINDOWS\System32\powrprof.dll
0x00007ff924720000 - 0x00007ff924772000 	C:\WINDOWS\System32\shlwapi.dll
0x00007ff922a00000 - 0x00007ff922a0f000 	C:\WINDOWS\System32\kernel.appcore.dll
0x00007ff923a20000 - 0x00007ff923ac9000 	C:\WINDOWS\System32\shcore.dll
0x00007ff922a10000 - 0x00007ff922a24000 	C:\WINDOWS\System32\profapi.dll
0x00007ff90d2d0000 - 0x00007ff90d2ea000 	C:\Program Files\Android\Android Studio\jre\jre\bin\net.dll
0x00007ff9222c0000 - 0x00007ff92231c000 	C:\WINDOWS\system32\mswsock.dll
0x00007ff90d0d0000 - 0x00007ff90d0e1000 	C:\Program Files\Android\Android Studio\jre\jre\bin\nio.dll
0x00007ff914830000 - 0x00007ff914842000 	C:\Users\Dell\.gradle\native\19\windows-amd64\native-platform.dll
0x00007ff922460000 - 0x00007ff922477000 	C:\WINDOWS\SYSTEM32\CRYPTSP.dll
0x00007ff921ed0000 - 0x00007ff921f03000 	C:\WINDOWS\system32\rsaenh.dll
0x00007ff922930000 - 0x00007ff92295b000 	C:\WINDOWS\SYSTEM32\bcrypt.dll
0x00007ff922140000 - 0x00007ff92215f000 	C:\WINDOWS\SYSTEM32\USERENV.dll
0x00007ff922480000 - 0x00007ff92248b000 	C:\WINDOWS\SYSTEM32\CRYPTBASE.dll
0x00007ff922050000 - 0x00007ff922088000 	C:\WINDOWS\SYSTEM32\IPHLPAPI.DLL
0x00007ff923b20000 - 0x00007ff923b28000 	C:\WINDOWS\System32\NSI.dll
0x00007ff91dad0000 - 0x00007ff91dae6000 	C:\WINDOWS\SYSTEM32\dhcpcsvc6.DLL
0x00007ff91c240000 - 0x00007ff91c25a000 	C:\WINDOWS\SYSTEM32\dhcpcsvc.DLL
0x00007ff9157d0000 - 0x00007ff9157dd000 	C:\Program Files\Android\Android Studio\jre\jre\bin\management.dll

VM Arguments:
jvm_args: -Xmx1536m -Dfile.encoding=windows-1252 -Duser.country=US -Duser.language=en -Duser.variant 
java_command: org.gradle.launcher.daemon.bootstrap.GradleDaemon 2.14.1
java_class_path (initial): C:\Program Files\Android\Android Studio\gradle\gradle-2.14.1\lib\gradle-launcher-2.14.1.jar
Launcher Type: SUN_STANDARD

Environment Variables:
PATH=C:\oraclexe\app\oracle\product\11.2.0\server\bin;C:\ProgramData\Oracle\Java\javapath;C:\Program Files\Dell\DW WLAN Card;C:\Program Files (x86)\Intel\iCLS Client\;C:\Program Files\Intel\iCLS Client\;C:\WINDOWS\system32;C:\WINDOWS;C:\WINDOWS\System32\Wbem;C:\WINDOWS\System32\WindowsPowerShell\v1.0\;C:\Program Files (x86)\Intel\Intel(R) Management Engine Components\DAL;C:\Program Files\Intel\Intel(R) Management Engine Components\DAL;C:\Program Files (x86)\Intel\Intel(R) Management Engine Components\IPT;C:\Program Files\Intel\Intel(R) Management Engine Components\IPT;C:\Program Files\WIDCOMM\Bluetooth Software\;C:\Program Files\WIDCOMM\Bluetooth Software\syswow64;C:\Users\Dell\AppData\Local\Programs\Python\Python35-32;C:\Users\Dell\AppData\Local\Programs\Python\Python35-32\Scripts;C:\Program Files (x86)\Windows Live\Shared;C:\Program Files\Git\cmd;C:\Program Files (x86)\pgmodeler;C:\Users\Dell\AppData\Local\Microsoft\WindowsApps;
USERNAME=JUANMA
OS=Windows_NT
PROCESSOR_IDENTIFIER=Intel64 Family 6 Model 69 Stepping 1, GenuineIntel



---------------  S Y S T E M  ---------------

OS: Windows 10.0 , 64 bit Build 14393 (10.0.14393.0)

CPU:total 4 (2 cores per cpu, 2 threads per core) family 6 model 69 stepping 1, cmov, cx8, fxsr, mmx, sse, sse2, sse3, ssse3, sse4.1, sse4.2, popcnt, avx, avx2, aes, clmul, erms, lzcnt, ht, tsc, tscinvbit, bmi1, bmi2

Memory: 4k page, physical 4096180k(219848k free), swap 4096180k(5120k free)

vm_info: OpenJDK 64-Bit Server VM (25.76-b03) for windows-amd64 JRE (1.8.0_76-release-b03), built on Jun 29 2016 19:09:20 by "ralucas" with MS VC++ 10.0 (VS2010)

time: Mon Mar 13 20:53:21 2017
elapsed time: 276 seconds (0d 0h 4m 36s)

